{"contracts\\mocks\\MockERC20.sol":{"l":{"14":1,"23":20,"24":20,"25":20,"27":20,"28":20,"30":20},"path":"C:\\Users\\RAGHU VEER\\token-vault-uups\\contracts\\mocks\\MockERC20.sol","s":{"1":1,"2":20,"3":20,"4":20,"5":20,"6":20,"7":20},"b":{"1":[20,0],"2":[0,0]},"f":{"1":1,"2":20,"3":0},"fnMap":{"1":{"name":"constructor","line":13,"loc":{"start":{"line":13,"column":4},"end":{"line":15,"column":4}}},"2":{"name":"initialize","line":22,"loc":{"start":{"line":17,"column":4},"end":{"line":31,"column":4}}},"3":{"name":"_authorizeUpgrade","line":35,"loc":{"start":{"line":33,"column":4},"end":{"line":35,"column":49}}}},"statementMap":{"1":{"start":{"line":14,"column":8},"end":{"line":14,"column":29}},"2":{"start":{"line":23,"column":8},"end":{"line":23,"column":35}},"3":{"start":{"line":24,"column":8},"end":{"line":24,"column":29}},"4":{"start":{"line":25,"column":8},"end":{"line":25,"column":31}},"5":{"start":{"line":27,"column":8},"end":{"line":27,"column":49}},"6":{"start":{"line":28,"column":8},"end":{"line":28,"column":44}},"7":{"start":{"line":30,"column":8},"end":{"line":30,"column":31}}},"branchMap":{"1":{"line":22,"type":"if","locations":[{"start":{"line":22,"column":13},"end":{"line":22,"column":13}},{"start":{"line":22,"column":13},"end":{"line":22,"column":13}}]},"2":{"line":35,"type":"if","locations":[{"start":{"line":35,"column":24},"end":{"line":35,"column":24}},{"start":{"line":35,"column":24},"end":{"line":35,"column":24}}]}}},"contracts\\TokenVaultV1.sol":{"l":{"26":5,"38":20,"39":20,"40":20,"42":20,"43":20,"45":20,"46":20,"47":20,"49":20,"50":20,"51":20,"56":17,"58":17,"59":17,"61":17,"66":17,"67":17,"72":2,"73":2,"74":2,"76":1,"77":1,"79":1,"83":5,"87":4,"91":1,"95":1},"path":"C:\\Users\\RAGHU VEER\\token-vault-uups\\contracts\\TokenVaultV1.sol","s":{"1":5,"2":20,"3":20,"4":20,"5":20,"6":20,"7":20,"8":20,"9":20,"10":17,"11":17,"12":17,"13":17,"14":2,"15":2,"16":2,"17":1,"18":5,"19":4,"20":1,"21":1},"b":{"1":[20,2],"2":[20,0],"3":[20,0],"4":[20,0],"5":[17,0],"6":[17,0],"7":[2,0],"8":[1,1],"9":[1,0],"10":[19,1]},"f":{"1":5,"2":20,"3":17,"4":2,"5":5,"6":4,"7":1,"8":1,"9":19},"fnMap":{"1":{"name":"constructor","line":25,"loc":{"start":{"line":25,"column":4},"end":{"line":27,"column":4}}},"2":{"name":"initialize","line":37,"loc":{"start":{"line":33,"column":4},"end":{"line":52,"column":4}}},"3":{"name":"deposit","line":55,"loc":{"start":{"line":55,"column":3},"end":{"line":68,"column":0}}},"4":{"name":"withdraw","line":71,"loc":{"start":{"line":71,"column":4},"end":{"line":80,"column":4}}},"5":{"name":"balanceOf","line":82,"loc":{"start":{"line":82,"column":4},"end":{"line":84,"column":4}}},"6":{"name":"totalDeposits","line":86,"loc":{"start":{"line":86,"column":4},"end":{"line":88,"column":4}}},"7":{"name":"getDepositFee","line":90,"loc":{"start":{"line":90,"column":4},"end":{"line":92,"column":4}}},"8":{"name":"getImplementationVersion","line":94,"loc":{"start":{"line":94,"column":4},"end":{"line":96,"column":4}}},"9":{"name":"_authorizeUpgrade","line":100,"loc":{"start":{"line":98,"column":4},"end":{"line":102,"column":4}}}},"statementMap":{"1":{"start":{"line":26,"column":8},"end":{"line":26,"column":29}},"2":{"start":{"line":38,"column":8},"end":{"line":38,"column":71}},"3":{"start":{"line":39,"column":8},"end":{"line":39,"column":71}},"4":{"start":{"line":40,"column":8},"end":{"line":40,"column":65}},"5":{"start":{"line":42,"column":8},"end":{"line":42,"column":29}},"6":{"start":{"line":43,"column":8},"end":{"line":43,"column":31}},"7":{"start":{"line":49,"column":8},"end":{"line":49,"column":49}},"8":{"start":{"line":50,"column":8},"end":{"line":50,"column":44}},"9":{"start":{"line":51,"column":8},"end":{"line":51,"column":42}},"10":{"start":{"line":56,"column":4},"end":{"line":56,"column":54}},"11":{"start":{"line":58,"column":4},"end":{"line":58,"column":59}},"12":{"start":{"line":59,"column":4},"end":{"line":59,"column":36}},"13":{"start":{"line":61,"column":4},"end":{"line":61,"column":2457}},"14":{"start":{"line":72,"column":8},"end":{"line":72,"column":58}},"15":{"start":{"line":73,"column":8},"end":{"line":73,"column":43}},"16":{"start":{"line":74,"column":8},"end":{"line":74,"column":67}},"17":{"start":{"line":79,"column":8},"end":{"line":79,"column":84}},"18":{"start":{"line":83,"column":8},"end":{"line":83,"column":30}},"19":{"start":{"line":87,"column":8},"end":{"line":87,"column":29}},"20":{"start":{"line":91,"column":8},"end":{"line":91,"column":37}},"21":{"start":{"line":95,"column":8},"end":{"line":95,"column":19}}},"branchMap":{"1":{"line":37,"type":"if","locations":[{"start":{"line":37,"column":15},"end":{"line":37,"column":15}},{"start":{"line":37,"column":15},"end":{"line":37,"column":15}}]},"2":{"line":38,"type":"if","locations":[{"start":{"line":38,"column":8},"end":{"line":38,"column":8}},{"start":{"line":38,"column":8},"end":{"line":38,"column":8}}]},"3":{"line":39,"type":"if","locations":[{"start":{"line":39,"column":8},"end":{"line":39,"column":8}},{"start":{"line":39,"column":8},"end":{"line":39,"column":8}}]},"4":{"line":40,"type":"if","locations":[{"start":{"line":40,"column":8},"end":{"line":40,"column":8}},{"start":{"line":40,"column":8},"end":{"line":40,"column":8}}]},"5":{"line":56,"type":"if","locations":[{"start":{"line":56,"column":4},"end":{"line":56,"column":4}},{"start":{"line":56,"column":4},"end":{"line":56,"column":4}}]},"6":{"line":61,"type":"if","locations":[{"start":{"line":61,"column":4},"end":{"line":61,"column":4}},{"start":{"line":61,"column":4},"end":{"line":61,"column":4}}]},"7":{"line":72,"type":"if","locations":[{"start":{"line":72,"column":8},"end":{"line":72,"column":8}},{"start":{"line":72,"column":8},"end":{"line":72,"column":8}}]},"8":{"line":74,"type":"if","locations":[{"start":{"line":74,"column":8},"end":{"line":74,"column":8}},{"start":{"line":74,"column":8},"end":{"line":74,"column":8}}]},"9":{"line":79,"type":"if","locations":[{"start":{"line":79,"column":8},"end":{"line":79,"column":8}},{"start":{"line":79,"column":8},"end":{"line":79,"column":8}}]},"10":{"line":100,"type":"if","locations":[{"start":{"line":100,"column":24},"end":{"line":100,"column":24}},{"start":{"line":100,"column":24},"end":{"line":100,"column":24}}]}}},"contracts\\TokenVaultV2.sol":{"l":{"21":2,"22":2,"26":1,"30":1,"31":1,"33":1,"34":1,"36":1,"38":1,"39":1,"40":1,"44":0,"48":2,"49":2,"50":1,"51":1,"54":1,"55":1,"56":1,"58":1,"60":1,"61":1,"65":1,"66":1,"70":0,"71":0,"75":1,"79":1,"80":0,"81":0,"84":0,"86":0,"87":0,"89":0,"94":0,"95":0,"99":0},"path":"C:\\Users\\RAGHU VEER\\token-vault-uups\\contracts\\TokenVaultV2.sol","s":{"1":2,"2":1,"3":1,"4":1,"5":0,"6":1,"7":1,"8":0,"9":1,"10":1,"11":1,"12":1,"13":0,"14":2,"15":2,"16":1,"17":1,"18":1,"19":1,"20":1,"21":1,"22":1,"23":0,"24":1,"25":1,"26":0,"27":0,"28":0,"29":0,"30":0,"31":0},"b":{"1":[2,1],"2":[0,1],"3":[0,0],"4":[0,1],"5":[1,1],"6":[1,0],"7":[1,0],"8":[1,0],"9":[0,0],"10":[0,1],"11":[0,0],"12":[0,0],"13":[0,0]},"f":{"1":2,"2":1,"3":1,"4":0,"5":2,"6":1,"7":0,"8":1,"9":1,"10":0},"fnMap":{"1":{"name":"setYieldRate","line":20,"loc":{"start":{"line":20,"column":4},"end":{"line":23,"column":4}}},"2":{"name":"getYieldRate","line":25,"loc":{"start":{"line":25,"column":4},"end":{"line":27,"column":4}}},"3":{"name":"_pendingYield","line":29,"loc":{"start":{"line":29,"column":4},"end":{"line":41,"column":4}}},"4":{"name":"getUserYield","line":43,"loc":{"start":{"line":43,"column":4},"end":{"line":45,"column":4}}},"5":{"name":"claimYield","line":47,"loc":{"start":{"line":47,"column":4},"end":{"line":62,"column":4}}},"6":{"name":"pauseDeposits","line":64,"loc":{"start":{"line":64,"column":4},"end":{"line":67,"column":4}}},"7":{"name":"unpauseDeposits","line":69,"loc":{"start":{"line":69,"column":4},"end":{"line":72,"column":4}}},"8":{"name":"isDepositsPaused","line":74,"loc":{"start":{"line":74,"column":4},"end":{"line":76,"column":4}}},"9":{"name":"deposit","line":78,"loc":{"start":{"line":78,"column":3},"end":{"line":96,"column":0}}},"10":{"name":"getImplementationVersion","line":98,"loc":{"start":{"line":98,"column":4},"end":{"line":100,"column":4}}}},"statementMap":{"1":{"start":{"line":22,"column":8},"end":{"line":22,"column":41}},"2":{"start":{"line":26,"column":8},"end":{"line":26,"column":36}},"3":{"start":{"line":30,"column":8},"end":{"line":30,"column":37}},"4":{"start":{"line":31,"column":8},"end":{"line":31,"column":60}},"5":{"start":{"line":31,"column":52},"end":{"line":31,"column":60}},"6":{"start":{"line":33,"column":8},"end":{"line":33,"column":43}},"7":{"start":{"line":34,"column":8},"end":{"line":34,"column":31}},"8":{"start":{"line":34,"column":23},"end":{"line":34,"column":31}},"9":{"start":{"line":36,"column":8},"end":{"line":36,"column":48}},"10":{"start":{"line":38,"column":8},"end":{"line":38,"column":65}},"11":{"start":{"line":39,"column":8},"end":{"line":39,"column":46}},"12":{"start":{"line":40,"column":8},"end":{"line":40,"column":38}},"13":{"start":{"line":44,"column":8},"end":{"line":44,"column":34}},"14":{"start":{"line":48,"column":8},"end":{"line":48,"column":49}},"15":{"start":{"line":49,"column":8},"end":{"line":49,"column":1730}},"16":{"start":{"line":51,"column":12},"end":{"line":51,"column":20}},"17":{"start":{"line":54,"column":8},"end":{"line":54,"column":50}},"18":{"start":{"line":55,"column":8},"end":{"line":55,"column":1904}},"19":{"start":{"line":56,"column":12},"end":{"line":56,"column":88}},"20":{"start":{"line":60,"column":8},"end":{"line":60,"column":45}},"21":{"start":{"line":61,"column":8},"end":{"line":61,"column":21}},"22":{"start":{"line":66,"column":8},"end":{"line":66,"column":39}},"23":{"start":{"line":71,"column":8},"end":{"line":71,"column":41}},"24":{"start":{"line":75,"column":8},"end":{"line":75,"column":30}},"25":{"start":{"line":79,"column":4},"end":{"line":79,"column":61}},"26":{"start":{"line":80,"column":4},"end":{"line":80,"column":2697}},"27":{"start":{"line":84,"column":4},"end":{"line":84,"column":54}},"28":{"start":{"line":86,"column":4},"end":{"line":86,"column":59}},"29":{"start":{"line":87,"column":4},"end":{"line":87,"column":36}},"30":{"start":{"line":89,"column":4},"end":{"line":89,"column":2968}},"31":{"start":{"line":99,"column":8},"end":{"line":99,"column":19}}},"branchMap":{"1":{"line":20,"type":"if","locations":[{"start":{"line":20,"column":55},"end":{"line":20,"column":55}},{"start":{"line":20,"column":55},"end":{"line":20,"column":55}}]},"2":{"line":31,"type":"if","locations":[{"start":{"line":31,"column":8},"end":{"line":31,"column":8}},{"start":{"line":31,"column":8},"end":{"line":31,"column":8}}]},"3":{"line":31,"type":"cond-expr","locations":[{"start":{"line":31,"column":12},"end":{"line":31,"column":19}},{"start":{"line":31,"column":24},"end":{"line":31,"column":49}}]},"4":{"line":34,"type":"if","locations":[{"start":{"line":34,"column":8},"end":{"line":34,"column":8}},{"start":{"line":34,"column":8},"end":{"line":34,"column":8}}]},"5":{"line":49,"type":"if","locations":[{"start":{"line":49,"column":8},"end":{"line":49,"column":8}},{"start":{"line":49,"column":8},"end":{"line":49,"column":8}}]},"6":{"line":55,"type":"if","locations":[{"start":{"line":55,"column":8},"end":{"line":55,"column":8}},{"start":{"line":55,"column":8},"end":{"line":55,"column":8}}]},"7":{"line":56,"type":"if","locations":[{"start":{"line":56,"column":12},"end":{"line":56,"column":12}},{"start":{"line":56,"column":12},"end":{"line":56,"column":12}}]},"8":{"line":64,"type":"if","locations":[{"start":{"line":64,"column":38},"end":{"line":64,"column":38}},{"start":{"line":64,"column":38},"end":{"line":64,"column":38}}]},"9":{"line":69,"type":"if","locations":[{"start":{"line":69,"column":40},"end":{"line":69,"column":40}},{"start":{"line":69,"column":40},"end":{"line":69,"column":40}}]},"10":{"line":79,"type":"if","locations":[{"start":{"line":79,"column":4},"end":{"line":79,"column":4}},{"start":{"line":79,"column":4},"end":{"line":79,"column":4}}]},"11":{"line":80,"type":"if","locations":[{"start":{"line":80,"column":4},"end":{"line":80,"column":4}},{"start":{"line":80,"column":4},"end":{"line":80,"column":4}}]},"12":{"line":84,"type":"if","locations":[{"start":{"line":84,"column":4},"end":{"line":84,"column":4}},{"start":{"line":84,"column":4},"end":{"line":84,"column":4}}]},"13":{"line":89,"type":"if","locations":[{"start":{"line":89,"column":4},"end":{"line":89,"column":4}},{"start":{"line":89,"column":4},"end":{"line":89,"column":4}}]}}},"contracts\\TokenVaultV3.sol":{"l":{"24":4,"25":4,"29":1,"35":1,"36":1,"40":3,"41":3,"43":3,"48":3,"52":3,"53":3,"54":3,"59":1,"60":1,"62":1,"63":1,"64":1,"66":1,"67":1,"68":1,"72":1,"73":1,"75":1,"76":1,"77":1,"79":1,"80":1,"81":1,"85":0},"path":"C:\\Users\\RAGHU VEER\\token-vault-uups\\contracts\\TokenVaultV3.sol","s":{"1":4,"2":1,"3":1,"4":1,"5":3,"6":3,"7":3,"8":3,"9":3,"10":3,"11":1,"12":1,"13":1,"14":1,"15":1,"16":1,"17":1,"18":1,"19":1,"20":1,"21":0},"b":{"1":[4,0],"2":[3,0],"3":[3,0],"4":[3,0],"5":[1,2],"6":[1,0],"7":[1,0],"8":[1,0],"9":[1,0]},"f":{"1":4,"2":1,"3":1,"4":3,"5":3,"6":1,"7":0},"fnMap":{"1":{"name":"setWithdrawalDelay","line":23,"loc":{"start":{"line":23,"column":4},"end":{"line":26,"column":4}}},"2":{"name":"getWithdrawalDelay","line":28,"loc":{"start":{"line":28,"column":4},"end":{"line":30,"column":4}}},"3":{"name":"getWithdrawalRequest","line":32,"loc":{"start":{"line":32,"column":4},"end":{"line":37,"column":4}}},"4":{"name":"requestWithdrawal","line":39,"loc":{"start":{"line":39,"column":4},"end":{"line":49,"column":4}}},"5":{"name":"executeWithdrawal","line":51,"loc":{"start":{"line":51,"column":4},"end":{"line":69,"column":4}}},"6":{"name":"emergencyWithdraw","line":71,"loc":{"start":{"line":71,"column":4},"end":{"line":82,"column":4}}},"7":{"name":"getImplementationVersion","line":84,"loc":{"start":{"line":84,"column":4},"end":{"line":86,"column":4}}}},"statementMap":{"1":{"start":{"line":25,"column":8},"end":{"line":25,"column":50}},"2":{"start":{"line":29,"column":8},"end":{"line":29,"column":31}},"3":{"start":{"line":35,"column":8},"end":{"line":35,"column":55}},"4":{"start":{"line":36,"column":8},"end":{"line":36,"column":40}},"5":{"start":{"line":40,"column":8},"end":{"line":40,"column":58}},"6":{"start":{"line":41,"column":8},"end":{"line":41,"column":85}},"7":{"start":{"line":48,"column":8},"end":{"line":48,"column":69}},"8":{"start":{"line":52,"column":8},"end":{"line":52,"column":61}},"9":{"start":{"line":53,"column":8},"end":{"line":53,"column":56}},"10":{"start":{"line":54,"column":8},"end":{"line":54,"column":1900}},"11":{"start":{"line":59,"column":8},"end":{"line":59,"column":33}},"12":{"start":{"line":60,"column":8},"end":{"line":60,"column":85}},"13":{"start":{"line":66,"column":8},"end":{"line":66,"column":84}},"14":{"start":{"line":67,"column":8},"end":{"line":67,"column":51}},"15":{"start":{"line":68,"column":8},"end":{"line":68,"column":21}},"16":{"start":{"line":72,"column":8},"end":{"line":72,"column":43}},"17":{"start":{"line":73,"column":8},"end":{"line":73,"column":51}},"18":{"start":{"line":79,"column":8},"end":{"line":79,"column":81}},"19":{"start":{"line":80,"column":8},"end":{"line":80,"column":49}},"20":{"start":{"line":81,"column":8},"end":{"line":81,"column":18}},"21":{"start":{"line":85,"column":8},"end":{"line":85,"column":19}}},"branchMap":{"1":{"line":23,"type":"if","locations":[{"start":{"line":23,"column":64},"end":{"line":23,"column":64}},{"start":{"line":23,"column":64},"end":{"line":23,"column":64}}]},"2":{"line":40,"type":"if","locations":[{"start":{"line":40,"column":8},"end":{"line":40,"column":8}},{"start":{"line":40,"column":8},"end":{"line":40,"column":8}}]},"3":{"line":41,"type":"if","locations":[{"start":{"line":41,"column":8},"end":{"line":41,"column":8}},{"start":{"line":41,"column":8},"end":{"line":41,"column":8}}]},"4":{"line":53,"type":"if","locations":[{"start":{"line":53,"column":8},"end":{"line":53,"column":8}},{"start":{"line":53,"column":8},"end":{"line":53,"column":8}}]},"5":{"line":54,"type":"if","locations":[{"start":{"line":54,"column":8},"end":{"line":54,"column":8}},{"start":{"line":54,"column":8},"end":{"line":54,"column":8}}]},"6":{"line":60,"type":"if","locations":[{"start":{"line":60,"column":8},"end":{"line":60,"column":8}},{"start":{"line":60,"column":8},"end":{"line":60,"column":8}}]},"7":{"line":66,"type":"if","locations":[{"start":{"line":66,"column":8},"end":{"line":66,"column":8}},{"start":{"line":66,"column":8},"end":{"line":66,"column":8}}]},"8":{"line":73,"type":"if","locations":[{"start":{"line":73,"column":8},"end":{"line":73,"column":8}},{"start":{"line":73,"column":8},"end":{"line":73,"column":8}}]},"9":{"line":79,"type":"if","locations":[{"start":{"line":79,"column":8},"end":{"line":79,"column":8}},{"start":{"line":79,"column":8},"end":{"line":79,"column":8}}]}}}}